#
# There is insufficient memory for the Java Runtime Environment to continue.
# Native memory allocation (malloc) failed to allocate 1162736 bytes. Error detail: Chunk::new
# Possible reasons:
#   The system is out of physical RAM or swap space
#   This process is running with CompressedOops enabled, and the Java Heap may be blocking the growth of the native heap
# Possible solutions:
#   Reduce memory load on the system
#   Increase physical memory or swap space
#   Check if swap backing store is full
#   Decrease Java heap size (-Xmx/-Xms)
#   Decrease number of Java threads
#   Decrease Java thread stack sizes (-Xss)
#   Set larger code cache with -XX:ReservedCodeCacheSize=
#   JVM is running with Unscaled Compressed Oops mode in which the Java heap is
#     placed in the first 4GB address space. The Java Heap base address is the
#     maximum limit for the native heap growth. Please use -XX:HeapBaseMinAddress
#     to set the Java Heap base and to place the Java Heap above 4GB virtual address.
# This output file may be truncated or incomplete.
#
#  Out of Memory Error (arena.cpp:168), pid=9568, tid=8880
#
# JRE version: OpenJDK Runtime Environment Temurin-21.0.6+7 (21.0.6+7) (build 21.0.6+7-LTS)
# Java VM: OpenJDK 64-Bit Server VM Temurin-21.0.6+7 (21.0.6+7-LTS, mixed mode, sharing, tiered, compressed oops, compressed class ptrs, parallel gc, windows-amd64)
# No core dump will be written. Minidumps are not enabled by default on client versions of Windows
#

---------------  S U M M A R Y ------------

Command Line: --add-modules=ALL-SYSTEM --add-opens=java.base/java.util=ALL-UNNAMED --add-opens=java.base/java.lang=ALL-UNNAMED --add-opens=java.base/sun.nio.fs=ALL-UNNAMED -Declipse.application=org.eclipse.jdt.ls.core.id1 -Dosgi.bundles.defaultStartLevel=4 -Declipse.product=org.eclipse.jdt.ls.core.product -Djava.import.generatesMetadataFilesAtProjectRoot=false -DDetectVMInstallationsJob.disabled=true -Dfile.encoding=utf8 -XX:+UseParallelGC -XX:GCTimeRatio=4 -XX:AdaptiveSizePolicyWeight=90 -Dsun.zip.disableMemoryMapping=true -Xmx1G -Xms100m -Xlog:disable -javaagent:c:\Users\jenyy\.vscode\extensions\redhat.java-1.41.1-win32-x64\lombok\lombok-1.18.36.jar c:\Users\jenyy\.vscode\extensions\redhat.java-1.41.1-win32-x64\server\plugins\org.eclipse.equinox.launcher_1.7.0.v20250331-1702.jar -configuration c:\Users\jenyy\AppData\Roaming\Code\User\globalStorage\redhat.java\1.41.1\config_ss_win -data c:\Users\jenyy\AppData\Roaming\Code\User\workspaceStorage\9a4037c7544a9c9b7787e8623bc886aa\redhat.java\ss_ws --pipe=\\.\pipe\lsp-71a109c3f747fb6a133b36b5c80c53e1-sock

Host: AMD 3020e with Radeon Graphics                 , 2 cores, 3G,  Windows 11 , 64 bit Build 22621 (10.0.22621.4974)
Time: Sun Apr 13 23:19:59 2025 Bangladesh Standard Time elapsed time: 50.791536 seconds (0d 0h 0m 50s)

---------------  T H R E A D  ---------------

Current thread (0x00000180606b2200):  JavaThread "C2 CompilerThread0" daemon [_thread_in_native, id=8880, stack(0x0000006b09000000,0x0000006b09100000) (1024K)]


Current CompileTask:
C2:50791 5669 % !   4       org.eclipse.jdt.internal.compiler.classfmt.ClassFileReader::<init> @ 81 (2135 bytes)

Stack: [0x0000006b09000000,0x0000006b09100000]
Native frames: (J=compiled Java code, j=interpreted, Vv=VM code, C=native code)
V  [jvm.dll+0x6cdee9]
V  [jvm.dll+0x8a83d1]
V  [jvm.dll+0x8aa8fe]
V  [jvm.dll+0x8aafe3]
V  [jvm.dll+0x27f706]
V  [jvm.dll+0xc500d]
V  [jvm.dll+0xc5543]
V  [jvm.dll+0x3b6752]
V  [jvm.dll+0x382935]
V  [jvm.dll+0x381d9a]
V  [jvm.dll+0x2479f0]
V  [jvm.dll+0x246fcf]
V  [jvm.dll+0x1c75ee]
V  [jvm.dll+0x25685a]
V  [jvm.dll+0x254dfa]
V  [jvm.dll+0x3f0256]
V  [jvm.dll+0x851f8b]
V  [jvm.dll+0x6cc5ed]
C  [ucrtbase.dll+0x29333]
C  [KERNEL32.DLL+0x1259d]
C  [ntdll.dll+0x5af38]


---------------  P R O C E S S  ---------------

Threads class SMR info:
_java_thread_list=0x000001806799abc0, length=27, elements={
0x000001804c3bce90, 0x00000180606a75b0, 0x00000180606a9140, 0x00000180606ab050,
0x00000180606ace10, 0x00000180606b0980, 0x00000180606b13d0, 0x00000180606b2200,
0x0000018060720cd0, 0x0000018060783090, 0x0000018065223680, 0x000001806507f5d0,
0x000001806511a2b0, 0x00000180652a4470, 0x00000180651a0bd0, 0x00000180657db860,
0x000001806074f290, 0x0000018065926780, 0x0000018066293d80, 0x0000018066294410,
0x0000018066294aa0, 0x0000018066295130, 0x00000180662957c0, 0x0000018066293060,
0x00000180662936f0, 0x0000018066295e50, 0x0000018065c06340
}

Java Threads: ( => current thread )
  0x000001804c3bce90 JavaThread "main"                              [_thread_blocked, id=2768, stack(0x0000006b08600000,0x0000006b08700000) (1024K)]
  0x00000180606a75b0 JavaThread "Reference Handler"          daemon [_thread_blocked, id=5544, stack(0x0000006b08a00000,0x0000006b08b00000) (1024K)]
  0x00000180606a9140 JavaThread "Finalizer"                  daemon [_thread_blocked, id=10700, stack(0x0000006b08b00000,0x0000006b08c00000) (1024K)]
  0x00000180606ab050 JavaThread "Signal Dispatcher"          daemon [_thread_blocked, id=4176, stack(0x0000006b08c00000,0x0000006b08d00000) (1024K)]
  0x00000180606ace10 JavaThread "Attach Listener"            daemon [_thread_blocked, id=12088, stack(0x0000006b08d00000,0x0000006b08e00000) (1024K)]
  0x00000180606b0980 JavaThread "Service Thread"             daemon [_thread_blocked, id=4436, stack(0x0000006b08e00000,0x0000006b08f00000) (1024K)]
  0x00000180606b13d0 JavaThread "Monitor Deflation Thread"   daemon [_thread_blocked, id=9836, stack(0x0000006b08f00000,0x0000006b09000000) (1024K)]
=>0x00000180606b2200 JavaThread "C2 CompilerThread0"         daemon [_thread_in_native, id=8880, stack(0x0000006b09000000,0x0000006b09100000) (1024K)]
  0x0000018060720cd0 JavaThread "C1 CompilerThread0"         daemon [_thread_in_vm, id=10976, stack(0x0000006b09100000,0x0000006b09200000) (1024K)]
  0x0000018060783090 JavaThread "Common-Cleaner"             daemon [_thread_blocked, id=11560, stack(0x0000006b09200000,0x0000006b09300000) (1024K)]
  0x0000018065223680 JavaThread "Notification Thread"        daemon [_thread_blocked, id=10376, stack(0x0000006b09300000,0x0000006b09400000) (1024K)]
  0x000001806507f5d0 JavaThread "Active Thread: Equinox Container: c75b6cec-4e6a-4b5f-afae-11349a944a8d"        [_thread_blocked, id=7152, stack(0x0000006b09500000,0x0000006b09600000) (1024K)]
  0x000001806511a2b0 JavaThread "Framework Event Dispatcher: Equinox Container: c75b6cec-4e6a-4b5f-afae-11349a944a8d" daemon [_thread_blocked, id=7216, stack(0x0000006b09600000,0x0000006b09700000) (1024K)]
  0x00000180652a4470 JavaThread "Start Level: Equinox Container: c75b6cec-4e6a-4b5f-afae-11349a944a8d" daemon [_thread_blocked, id=8584, stack(0x0000006b09700000,0x0000006b09800000) (1024K)]
  0x00000180651a0bd0 JavaThread "SCR Component Actor"        daemon [_thread_blocked, id=2760, stack(0x0000006b09800000,0x0000006b09900000) (1024K)]
  0x00000180657db860 JavaThread "Worker-JM"                         [_thread_blocked, id=5612, stack(0x0000006b09a00000,0x0000006b09b00000) (1024K)]
  0x000001806074f290 JavaThread "Worker-0"                          [_thread_blocked, id=4704, stack(0x0000006b09b00000,0x0000006b09c00000) (1024K)]
  0x0000018065926780 JavaThread "Worker-1"                          [_thread_blocked, id=6752, stack(0x0000006b09c00000,0x0000006b09d00000) (1024K)]
  0x0000018066293d80 JavaThread "JNA Cleaner"                daemon [_thread_blocked, id=2496, stack(0x0000006b09900000,0x0000006b09a00000) (1024K)]
  0x0000018066294410 JavaThread "Worker-2: Publish Diagnostics"        [_thread_in_Java, id=12092, stack(0x0000006b09d00000,0x0000006b09e00000) (1024K)]
  0x0000018066294aa0 JavaThread "Thread-2"                   daemon [_thread_in_native, id=10892, stack(0x0000006b09e00000,0x0000006b09f00000) (1024K)]
  0x0000018066295130 JavaThread "Thread-3"                   daemon [_thread_in_native, id=9756, stack(0x0000006b09f00000,0x0000006b0a000000) (1024K)]
  0x00000180662957c0 JavaThread "Thread-4"                   daemon [_thread_in_native, id=10176, stack(0x0000006b0a000000,0x0000006b0a100000) (1024K)]
  0x0000018066293060 JavaThread "pool-2-thread-1"                   [_thread_blocked, id=4004, stack(0x0000006b0a100000,0x0000006b0a200000) (1024K)]
  0x00000180662936f0 JavaThread "WorkspaceEventsHandler"            [_thread_blocked, id=1336, stack(0x0000006b0a200000,0x0000006b0a300000) (1024K)]
  0x0000018066295e50 JavaThread "pool-1-thread-1"                   [_thread_in_vm, id=9268, stack(0x0000006b0a300000,0x0000006b0a400000) (1024K)]
  0x0000018065c06340 JavaThread "Worker-3"                          [_thread_blocked, id=3528, stack(0x0000006b0a600000,0x0000006b0a700000) (1024K)]
Total: 27

Other Threads:
  0x000001804c47ec20 VMThread "VM Thread"                           [id=4856, stack(0x0000006b08900000,0x0000006b08a00000) (1024K)]
  0x000001806068ca00 WatcherThread "VM Periodic Task Thread"        [id=1108, stack(0x0000006b08800000,0x0000006b08900000) (1024K)]
  0x000001804c3db0c0 WorkerThread "GC Thread#0"                     [id=340, stack(0x0000006b08700000,0x0000006b08800000) (1024K)]
  0x00000180656bcad0 WorkerThread "GC Thread#1"                     [id=1340, stack(0x0000006b09400000,0x0000006b09500000) (1024K)]
Total: 4

Threads with active compile tasks:
C2 CompilerThread0  50816 5669 % !   4       org.eclipse.jdt.internal.compiler.classfmt.ClassFileReader::<init> @ 81 (2135 bytes)
Total: 1

VM state: not at safepoint (normal execution)

VM Mutex/Monitor currently owned by a thread: None

Heap address: 0x00000000c0000000, size: 1024 MB, Compressed Oops mode: 32-bit

CDS archive(s) mapped at: [0x0000018000000000-0x0000018000ba0000-0x0000018000ba0000), size 12189696, SharedBaseAddress: 0x0000018000000000, ArchiveRelocationMode: 1.
Compressed class space mapped at: 0x0000018001000000-0x0000018041000000, reserved size: 1073741824
Narrow klass base: 0x0000018000000000, Narrow klass shift: 0, Narrow klass range: 0x100000000

GC Precious Log:
 CardTable entry size: 512
 CPUs: 2 total, 2 available
 Memory: 3463M
 Large Page Support: Disabled
 NUMA Support: Disabled
 Compressed Oops: Enabled (32-bit)
 Alignments: Space 512K, Generation 512K, Heap 2M
 Heap Min Capacity: 100M
 Heap Initial Capacity: 100M
 Heap Max Capacity: 1G
 Pre-touch: Disabled
 Parallel Workers: 2

Heap:
 PSYoungGen      total 20480K, used 16070K [0x00000000eab00000, 0x00000000ec300000, 0x0000000100000000)
  eden space 19456K, 78% used [0x00000000eab00000,0x00000000eb9d9de8,0x00000000ebe00000)
  from space 1024K, 84% used [0x00000000ebe00000,0x00000000ebed7c80,0x00000000ebf00000)
  to   space 2048K, 0% used [0x00000000ec100000,0x00000000ec100000,0x00000000ec300000)
 ParOldGen       total 68608K, used 33954K [0x00000000c0000000, 0x00000000c4300000, 0x00000000eab00000)
  object space 68608K, 49% used [0x00000000c0000000,0x00000000c2128bf0,0x00000000c4300000)
 Metaspace       used 41917K, committed 42880K, reserved 1114112K
  class space    used 4109K, committed 4544K, reserved 1048576K

Card table byte_map: [0x000001804bd60000,0x000001804bf70000] _byte_map_base: 0x000001804b760000

Marking Bits: (ParMarkBitMap*) 0x00007ffa712a3260
 Begin Bits: [0x000001805e5b0000, 0x000001805f5b0000)
 End Bits:   [0x000001805f5b0000, 0x00000180605b0000)

Polling page: 0x000001804a230000

Metaspace:

Usage:
  Non-class:     36.92 MB used.
      Class:      4.01 MB used.
       Both:     40.94 MB used.

Virtual space:
  Non-class space:       64.00 MB reserved,      37.44 MB ( 58%) committed,  1 nodes.
      Class space:        1.00 GB reserved,       4.44 MB ( <1%) committed,  1 nodes.
             Both:        1.06 GB reserved,      41.88 MB (  4%) committed. 

Chunk freelists:
   Non-Class:  10.60 MB
       Class:  11.38 MB
        Both:  21.97 MB

MaxMetaspaceSize: unlimited
CompressedClassSpaceSize: 1.00 GB
Initial GC threshold: 21.00 MB
Current GC threshold: 58.38 MB
CDS: on
 - commit_granule_bytes: 65536.
 - commit_granule_words: 8192.
 - virtual_space_node_default_size: 8388608.
 - enlarge_chunks_in_place: 1.
 - use_allocation_guard: 0.


Internal statistics:

num_allocs_failed_limit: 6.
num_arena_births: 830.
num_arena_deaths: 22.
num_vsnodes_births: 2.
num_vsnodes_deaths: 0.
num_space_committed: 670.
num_space_uncommitted: 0.
num_chunks_returned_to_freelist: 31.
num_chunks_taken_from_freelist: 2611.
num_chunk_merges: 6.
num_chunk_splits: 1656.
num_chunks_enlarged: 1019.
num_inconsistent_stats: 0.

CodeHeap 'non-profiled nmethods': size=120064Kb used=3372Kb max_used=3372Kb free=116691Kb
 bounds [0x0000018057070000, 0x00000180573c0000, 0x000001805e5b0000]
CodeHeap 'profiled nmethods': size=120000Kb used=11656Kb max_used=11656Kb free=108343Kb
 bounds [0x000001804f5b0000, 0x0000018050120000, 0x0000018056ae0000]
CodeHeap 'non-nmethods': size=5696Kb used=1394Kb max_used=1445Kb free=4301Kb
 bounds [0x0000018056ae0000, 0x0000018056d50000, 0x0000018057070000]
 total_blobs=5997 nmethods=5294 adapters=609
 compilation: enabled
              stopped_count=0, restarted_count=0
 full_count=0

Compilation events (20 events):
Event: 50.716 Thread 0x0000018060720cd0 5684   !   3       org.eclipse.jdt.internal.core.NameLookup::seekTypes (281 bytes)
Event: 50.718 Thread 0x0000018060720cd0 nmethod 5684 0x0000018050102f10 code [0x0000018050103280, 0x0000018050104748]
Event: 50.718 Thread 0x0000018060720cd0 5685   !   3       org.eclipse.jdt.internal.core.JavaModelManager::secondaryTypes (167 bytes)
Event: 50.720 Thread 0x0000018060720cd0 nmethod 5685 0x0000018050105090 code [0x0000018050105400, 0x0000018050106828]
Event: 50.727 Thread 0x0000018060720cd0 5686       1       org.eclipse.jdt.internal.compiler.classfmt.AnnotationInfo::getTypeName (5 bytes)
Event: 50.727 Thread 0x0000018060720cd0 nmethod 5686 0x00000180573b9290 code [0x00000180573b9420, 0x00000180573b94e8]
Event: 50.727 Thread 0x0000018060720cd0 5687       1       org.eclipse.jdt.internal.compiler.classfmt.MethodInfoWithAnnotations::getAnnotations (5 bytes)
Event: 50.727 Thread 0x0000018060720cd0 nmethod 5687 0x00000180573b9590 code [0x00000180573b9720, 0x00000180573b97e8]
Event: 50.728 Thread 0x0000018060720cd0 5688  s    3       org.eclipse.jdt.internal.compiler.classfmt.MethodInfo::readExceptionAttributes (212 bytes)
Event: 50.729 Thread 0x0000018060720cd0 nmethod 5688 0x0000018050107110 code [0x00000180501073a0, 0x0000018050108718]
Event: 50.729 Thread 0x0000018060720cd0 5689       3       org.eclipse.jdt.internal.compiler.lookup.MethodBinding::setAnnotations (17 bytes)
Event: 50.729 Thread 0x0000018060720cd0 nmethod 5689 0x0000018050108e10 code [0x0000018050108fc0, 0x00000180501091e8]
Event: 50.730 Thread 0x0000018060720cd0 5690       3       org.eclipse.jdt.internal.compiler.lookup.ReferenceBinding$3::compare (13 bytes)
Event: 50.730 Thread 0x0000018060720cd0 nmethod 5690 0x0000018050109310 code [0x00000180501094e0, 0x0000018050109818]
Event: 50.730 Thread 0x0000018060720cd0 5691       3       org.eclipse.jdt.internal.compiler.lookup.ReferenceBinding$3::compare (46 bytes)
Event: 50.730 Thread 0x0000018060720cd0 nmethod 5691 0x0000018050109910 code [0x0000018050109ac0, 0x0000018050109c90]
Event: 50.731 Thread 0x0000018060720cd0 5692       3       org.eclipse.jdt.internal.compiler.lookup.MethodBinding::isAbstract (15 bytes)
Event: 50.732 Thread 0x0000018060720cd0 nmethod 5692 0x0000018050109e10 code [0x0000018050109fc0, 0x000001805010a138]
Event: 50.732 Thread 0x0000018060720cd0 5693       1       org.eclipse.jdt.internal.compiler.ast.SingleTypeReference::getLastToken (5 bytes)
Event: 50.732 Thread 0x0000018060720cd0 nmethod 5693 0x00000180573b9890 code [0x00000180573b9a20, 0x00000180573b9ae8]

GC Heap History (20 events):
Event: 35.818 GC heap before
{Heap before GC invocations=14 (full 2):
 PSYoungGen      total 23552K, used 929K [0x00000000eab00000, 0x00000000ec700000, 0x0000000100000000)
  eden space 22528K, 0% used [0x00000000eab00000,0x00000000eab00000,0x00000000ec100000)
  from space 1024K, 90% used [0x00000000ec600000,0x00000000ec6e8470,0x00000000ec700000)
  to   space 1536K, 0% used [0x00000000ec400000,0x00000000ec400000,0x00000000ec580000)
 ParOldGen       total 68608K, used 19529K [0x00000000c0000000, 0x00000000c4300000, 0x00000000eab00000)
  object space 68608K, 28% used [0x00000000c0000000,0x00000000c13127a0,0x00000000c4300000)
 Metaspace       used 34928K, committed 35840K, reserved 1114112K
  class space    used 3489K, committed 3904K, reserved 1048576K
}
Event: 35.937 GC heap after
{Heap after GC invocations=14 (full 2):
 PSYoungGen      total 23552K, used 0K [0x00000000eab00000, 0x00000000ec700000, 0x0000000100000000)
  eden space 22528K, 0% used [0x00000000eab00000,0x00000000eab00000,0x00000000ec100000)
  from space 1024K, 0% used [0x00000000ec600000,0x00000000ec600000,0x00000000ec700000)
  to   space 1536K, 0% used [0x00000000ec400000,0x00000000ec400000,0x00000000ec580000)
 ParOldGen       total 68608K, used 19079K [0x00000000c0000000, 0x00000000c4300000, 0x00000000eab00000)
  object space 68608K, 27% used [0x00000000c0000000,0x00000000c12a1e38,0x00000000c4300000)
 Metaspace       used 34920K, committed 35840K, reserved 1114112K
  class space    used 3487K, committed 3904K, reserved 1048576K
}
Event: 36.854 GC heap before
{Heap before GC invocations=15 (full 2):
 PSYoungGen      total 23552K, used 22528K [0x00000000eab00000, 0x00000000ec700000, 0x0000000100000000)
  eden space 22528K, 100% used [0x00000000eab00000,0x00000000ec100000,0x00000000ec100000)
  from space 1024K, 0% used [0x00000000ec600000,0x00000000ec600000,0x00000000ec700000)
  to   space 1536K, 0% used [0x00000000ec400000,0x00000000ec400000,0x00000000ec580000)
 ParOldGen       total 68608K, used 19079K [0x00000000c0000000, 0x00000000c4300000, 0x00000000eab00000)
  object space 68608K, 27% used [0x00000000c0000000,0x00000000c12a1e38,0x00000000c4300000)
 Metaspace       used 35550K, committed 36544K, reserved 1114112K
  class space    used 3532K, committed 3968K, reserved 1048576K
}
Event: 36.859 GC heap after
{Heap after GC invocations=15 (full 2):
 PSYoungGen      total 23552K, used 1526K [0x00000000eab00000, 0x00000000ec780000, 0x0000000100000000)
  eden space 22016K, 0% used [0x00000000eab00000,0x00000000eab00000,0x00000000ec080000)
  from space 1536K, 99% used [0x00000000ec400000,0x00000000ec57da90,0x00000000ec580000)
  to   space 2048K, 0% used [0x00000000ec580000,0x00000000ec580000,0x00000000ec780000)
 ParOldGen       total 68608K, used 20591K [0x00000000c0000000, 0x00000000c4300000, 0x00000000eab00000)
  object space 68608K, 30% used [0x00000000c0000000,0x00000000c141bea0,0x00000000c4300000)
 Metaspace       used 35550K, committed 36544K, reserved 1114112K
  class space    used 3532K, committed 3968K, reserved 1048576K
}
Event: 37.888 GC heap before
{Heap before GC invocations=16 (full 2):
 PSYoungGen      total 23552K, used 23542K [0x00000000eab00000, 0x00000000ec780000, 0x0000000100000000)
  eden space 22016K, 100% used [0x00000000eab00000,0x00000000ec080000,0x00000000ec080000)
  from space 1536K, 99% used [0x00000000ec400000,0x00000000ec57da90,0x00000000ec580000)
  to   space 2048K, 0% used [0x00000000ec580000,0x00000000ec580000,0x00000000ec780000)
 ParOldGen       total 68608K, used 20591K [0x00000000c0000000, 0x00000000c4300000, 0x00000000eab00000)
  object space 68608K, 30% used [0x00000000c0000000,0x00000000c141bea0,0x00000000c4300000)
 Metaspace       used 35561K, committed 36544K, reserved 1114112K
  class space    used 3532K, committed 3968K, reserved 1048576K
}
Event: 37.896 GC heap after
{Heap after GC invocations=16 (full 2):
 PSYoungGen      total 24064K, used 1916K [0x00000000eab00000, 0x00000000ec780000, 0x0000000100000000)
  eden space 22016K, 0% used [0x00000000eab00000,0x00000000eab00000,0x00000000ec080000)
  from space 2048K, 93% used [0x00000000ec580000,0x00000000ec75f018,0x00000000ec780000)
  to   space 2560K, 0% used [0x00000000ec280000,0x00000000ec280000,0x00000000ec500000)
 ParOldGen       total 68608K, used 22134K [0x00000000c0000000, 0x00000000c4300000, 0x00000000eab00000)
  object space 68608K, 32% used [0x00000000c0000000,0x00000000c159d930,0x00000000c4300000)
 Metaspace       used 35561K, committed 36544K, reserved 1114112K
  class space    used 3532K, committed 3968K, reserved 1048576K
}
Event: 38.884 GC heap before
{Heap before GC invocations=17 (full 2):
 PSYoungGen      total 24064K, used 23849K [0x00000000eab00000, 0x00000000ec780000, 0x0000000100000000)
  eden space 22016K, 99% used [0x00000000eab00000,0x00000000ec06b5a0,0x00000000ec080000)
  from space 2048K, 93% used [0x00000000ec580000,0x00000000ec75f018,0x00000000ec780000)
  to   space 2560K, 0% used [0x00000000ec280000,0x00000000ec280000,0x00000000ec500000)
 ParOldGen       total 68608K, used 22134K [0x00000000c0000000, 0x00000000c4300000, 0x00000000eab00000)
  object space 68608K, 32% used [0x00000000c0000000,0x00000000c159d930,0x00000000c4300000)
 Metaspace       used 35579K, committed 36544K, reserved 1114112K
  class space    used 3533K, committed 3968K, reserved 1048576K
}
Event: 38.897 GC heap after
{Heap after GC invocations=17 (full 2):
 PSYoungGen      total 24064K, used 1668K [0x00000000eab00000, 0x00000000ec600000, 0x0000000100000000)
  eden space 22016K, 0% used [0x00000000eab00000,0x00000000eab00000,0x00000000ec080000)
  from space 2048K, 81% used [0x00000000ec280000,0x00000000ec4212c8,0x00000000ec480000)
  to   space 1536K, 0% used [0x00000000ec480000,0x00000000ec480000,0x00000000ec600000)
 ParOldGen       total 68608K, used 23244K [0x00000000c0000000, 0x00000000c4300000, 0x00000000eab00000)
  object space 68608K, 33% used [0x00000000c0000000,0x00000000c16b32e0,0x00000000c4300000)
 Metaspace       used 35579K, committed 36544K, reserved 1114112K
  class space    used 3533K, committed 3968K, reserved 1048576K
}
Event: 39.256 GC heap before
{Heap before GC invocations=18 (full 2):
 PSYoungGen      total 24064K, used 23684K [0x00000000eab00000, 0x00000000ec600000, 0x0000000100000000)
  eden space 22016K, 100% used [0x00000000eab00000,0x00000000ec080000,0x00000000ec080000)
  from space 2048K, 81% used [0x00000000ec280000,0x00000000ec4212c8,0x00000000ec480000)
  to   space 1536K, 0% used [0x00000000ec480000,0x00000000ec480000,0x00000000ec600000)
 ParOldGen       total 68608K, used 23244K [0x00000000c0000000, 0x00000000c4300000, 0x00000000eab00000)
  object space 68608K, 33% used [0x00000000c0000000,0x00000000c16b32e0,0x00000000c4300000)
 Metaspace       used 35583K, committed 36544K, reserved 1114112K
  class space    used 3533K, committed 3968K, reserved 1048576K
}
Event: 39.264 GC heap after
{Heap after GC invocations=18 (full 2):
 PSYoungGen      total 23552K, used 1504K [0x00000000eab00000, 0x00000000ec780000, 0x0000000100000000)
  eden space 22016K, 0% used [0x00000000eab00000,0x00000000eab00000,0x00000000ec080000)
  from space 1536K, 97% used [0x00000000ec480000,0x00000000ec5f8320,0x00000000ec600000)
  to   space 3584K, 0% used [0x00000000ec080000,0x00000000ec080000,0x00000000ec400000)
 ParOldGen       total 68608K, used 24990K [0x00000000c0000000, 0x00000000c4300000, 0x00000000eab00000)
  object space 68608K, 36% used [0x00000000c0000000,0x00000000c1867ac0,0x00000000c4300000)
 Metaspace       used 35583K, committed 36544K, reserved 1114112K
  class space    used 3533K, committed 3968K, reserved 1048576K
}
Event: 40.653 GC heap before
{Heap before GC invocations=19 (full 2):
 PSYoungGen      total 23552K, used 23520K [0x00000000eab00000, 0x00000000ec780000, 0x0000000100000000)
  eden space 22016K, 100% used [0x00000000eab00000,0x00000000ec080000,0x00000000ec080000)
  from space 1536K, 97% used [0x00000000ec480000,0x00000000ec5f8320,0x00000000ec600000)
  to   space 3584K, 0% used [0x00000000ec080000,0x00000000ec080000,0x00000000ec400000)
 ParOldGen       total 68608K, used 24990K [0x00000000c0000000, 0x00000000c4300000, 0x00000000eab00000)
  object space 68608K, 36% used [0x00000000c0000000,0x00000000c1867ac0,0x00000000c4300000)
 Metaspace       used 36106K, committed 37120K, reserved 1114112K
  class space    used 3577K, committed 4032K, reserved 1048576K
}
Event: 40.661 GC heap after
{Heap after GC invocations=19 (full 2):
 PSYoungGen      total 24064K, used 1760K [0x00000000eab00000, 0x00000000ec580000, 0x0000000100000000)
  eden space 22016K, 0% used [0x00000000eab00000,0x00000000eab00000,0x00000000ec080000)
  from space 2048K, 85% used [0x00000000ec080000,0x00000000ec238010,0x00000000ec280000)
  to   space 2560K, 0% used [0x00000000ec300000,0x00000000ec300000,0x00000000ec580000)
 ParOldGen       total 68608K, used 26503K [0x00000000c0000000, 0x00000000c4300000, 0x00000000eab00000)
  object space 68608K, 38% used [0x00000000c0000000,0x00000000c19e1de0,0x00000000c4300000)
 Metaspace       used 36106K, committed 37120K, reserved 1114112K
  class space    used 3577K, committed 4032K, reserved 1048576K
}
Event: 41.363 GC heap before
{Heap before GC invocations=20 (full 2):
 PSYoungGen      total 24064K, used 23776K [0x00000000eab00000, 0x00000000ec580000, 0x0000000100000000)
  eden space 22016K, 100% used [0x00000000eab00000,0x00000000ec080000,0x00000000ec080000)
  from space 2048K, 85% used [0x00000000ec080000,0x00000000ec238010,0x00000000ec280000)
  to   space 2560K, 0% used [0x00000000ec300000,0x00000000ec300000,0x00000000ec580000)
 ParOldGen       total 68608K, used 26503K [0x00000000c0000000, 0x00000000c4300000, 0x00000000eab00000)
  object space 68608K, 38% used [0x00000000c0000000,0x00000000c19e1de0,0x00000000c4300000)
 Metaspace       used 36746K, committed 37760K, reserved 1114112K
  class space    used 3635K, committed 4096K, reserved 1048576K
}
Event: 41.371 GC heap after
{Heap after GC invocations=20 (full 2):
 PSYoungGen      total 24064K, used 1720K [0x00000000eab00000, 0x00000000ec500000, 0x0000000100000000)
  eden space 22016K, 0% used [0x00000000eab00000,0x00000000eab00000,0x00000000ec080000)
  from space 2048K, 84% used [0x00000000ec300000,0x00000000ec4ae210,0x00000000ec500000)
  to   space 2048K, 0% used [0x00000000ec080000,0x00000000ec080000,0x00000000ec280000)
 ParOldGen       total 68608K, used 28215K [0x00000000c0000000, 0x00000000c4300000, 0x00000000eab00000)
  object space 68608K, 41% used [0x00000000c0000000,0x00000000c1b8ddf0,0x00000000c4300000)
 Metaspace       used 36746K, committed 37760K, reserved 1114112K
  class space    used 3635K, committed 4096K, reserved 1048576K
}
Event: 42.064 GC heap before
{Heap before GC invocations=21 (full 2):
 PSYoungGen      total 24064K, used 23736K [0x00000000eab00000, 0x00000000ec500000, 0x0000000100000000)
  eden space 22016K, 100% used [0x00000000eab00000,0x00000000ec080000,0x00000000ec080000)
  from space 2048K, 84% used [0x00000000ec300000,0x00000000ec4ae210,0x00000000ec500000)
  to   space 2048K, 0% used [0x00000000ec080000,0x00000000ec080000,0x00000000ec280000)
 ParOldGen       total 68608K, used 28215K [0x00000000c0000000, 0x00000000c4300000, 0x00000000eab00000)
  object space 68608K, 41% used [0x00000000c0000000,0x00000000c1b8ddf0,0x00000000c4300000)
 Metaspace       used 37137K, committed 38080K, reserved 1114112K
  class space    used 3665K, committed 4096K, reserved 1048576K
}
Event: 42.081 GC heap after
{Heap after GC invocations=21 (full 2):
 PSYoungGen      total 24064K, used 1952K [0x00000000eab00000, 0x00000000ec480000, 0x0000000100000000)
  eden space 22016K, 0% used [0x00000000eab00000,0x00000000eab00000,0x00000000ec080000)
  from space 2048K, 95% used [0x00000000ec080000,0x00000000ec268030,0x00000000ec280000)
  to   space 2048K, 0% used [0x00000000ec280000,0x00000000ec280000,0x00000000ec480000)
 ParOldGen       total 68608K, used 30215K [0x00000000c0000000, 0x00000000c4300000, 0x00000000eab00000)
  object space 68608K, 44% used [0x00000000c0000000,0x00000000c1d81ff0,0x00000000c4300000)
 Metaspace       used 37137K, committed 38080K, reserved 1114112K
  class space    used 3665K, committed 4096K, reserved 1048576K
}
Event: 46.207 GC heap before
{Heap before GC invocations=22 (full 2):
 PSYoungGen      total 24064K, used 23968K [0x00000000eab00000, 0x00000000ec480000, 0x0000000100000000)
  eden space 22016K, 100% used [0x00000000eab00000,0x00000000ec080000,0x00000000ec080000)
  from space 2048K, 95% used [0x00000000ec080000,0x00000000ec268030,0x00000000ec280000)
  to   space 2048K, 0% used [0x00000000ec280000,0x00000000ec280000,0x00000000ec480000)
 ParOldGen       total 68608K, used 30215K [0x00000000c0000000, 0x00000000c4300000, 0x00000000eab00000)
  object space 68608K, 44% used [0x00000000c0000000,0x00000000c1d81ff0,0x00000000c4300000)
 Metaspace       used 38143K, committed 39104K, reserved 1114112K
  class space    used 3766K, committed 4224K, reserved 1048576K
}
Event: 46.215 GC heap after
{Heap after GC invocations=22 (full 2):
 PSYoungGen      total 21504K, used 2047K [0x00000000eab00000, 0x00000000ec980000, 0x0000000100000000)
  eden space 19456K, 0% used [0x00000000eab00000,0x00000000eab00000,0x00000000ebe00000)
  from space 2048K, 99% used [0x00000000ec280000,0x00000000ec47fc70,0x00000000ec480000)
  to   space 4608K, 0% used [0x00000000ebe00000,0x00000000ebe00000,0x00000000ec280000)
 ParOldGen       total 68608K, used 32117K [0x00000000c0000000, 0x00000000c4300000, 0x00000000eab00000)
  object space 68608K, 46% used [0x00000000c0000000,0x00000000c1f5d650,0x00000000c4300000)
 Metaspace       used 38143K, committed 39104K, reserved 1114112K
  class space    used 3766K, committed 4224K, reserved 1048576K
}
Event: 49.136 GC heap before
{Heap before GC invocations=23 (full 2):
 PSYoungGen      total 21504K, used 21503K [0x00000000eab00000, 0x00000000ec980000, 0x0000000100000000)
  eden space 19456K, 100% used [0x00000000eab00000,0x00000000ebe00000,0x00000000ebe00000)
  from space 2048K, 99% used [0x00000000ec280000,0x00000000ec47fc70,0x00000000ec480000)
  to   space 4608K, 0% used [0x00000000ebe00000,0x00000000ebe00000,0x00000000ec280000)
 ParOldGen       total 68608K, used 32117K [0x00000000c0000000, 0x00000000c4300000, 0x00000000eab00000)
  object space 68608K, 46% used [0x00000000c0000000,0x00000000c1f5d650,0x00000000c4300000)
 Metaspace       used 40427K, committed 41344K, reserved 1114112K
  class space    used 3955K, committed 4416K, reserved 1048576K
}
Event: 49.182 GC heap after
{Heap after GC invocations=23 (full 2):
 PSYoungGen      total 20480K, used 863K [0x00000000eab00000, 0x00000000ec300000, 0x0000000100000000)
  eden space 19456K, 0% used [0x00000000eab00000,0x00000000eab00000,0x00000000ebe00000)
  from space 1024K, 84% used [0x00000000ebe00000,0x00000000ebed7c80,0x00000000ebf00000)
  to   space 2048K, 0% used [0x00000000ec100000,0x00000000ec100000,0x00000000ec300000)
 ParOldGen       total 68608K, used 33954K [0x00000000c0000000, 0x00000000c4300000, 0x00000000eab00000)
  object space 68608K, 49% used [0x00000000c0000000,0x00000000c2128bf0,0x00000000c4300000)
 Metaspace       used 40427K, committed 41344K, reserved 1114112K
  class space    used 3955K, committed 4416K, reserved 1048576K
}

Dll operation events (12 events):
Event: 0.058 Loaded shared library c:\Users\jenyy\.vscode\extensions\redhat.java-1.41.1-win32-x64\jre\21.0.6-win32-x86_64\bin\java.dll
Event: 0.653 Loaded shared library c:\Users\jenyy\.vscode\extensions\redhat.java-1.41.1-win32-x64\jre\21.0.6-win32-x86_64\bin\zip.dll
Event: 1.052 Loaded shared library C:\Users\jenyy\.vscode\extensions\redhat.java-1.41.1-win32-x64\jre\21.0.6-win32-x86_64\bin\instrument.dll
Event: 1.064 Loaded shared library C:\Users\jenyy\.vscode\extensions\redhat.java-1.41.1-win32-x64\jre\21.0.6-win32-x86_64\bin\net.dll
Event: 1.128 Loaded shared library C:\Users\jenyy\.vscode\extensions\redhat.java-1.41.1-win32-x64\jre\21.0.6-win32-x86_64\bin\nio.dll
Event: 1.139 Loaded shared library C:\Users\jenyy\.vscode\extensions\redhat.java-1.41.1-win32-x64\jre\21.0.6-win32-x86_64\bin\zip.dll
Event: 1.192 Loaded shared library C:\Users\jenyy\.vscode\extensions\redhat.java-1.41.1-win32-x64\jre\21.0.6-win32-x86_64\bin\jimage.dll
Event: 1.697 Loaded shared library c:\Users\jenyy\.vscode\extensions\redhat.java-1.41.1-win32-x64\jre\21.0.6-win32-x86_64\bin\verify.dll
Event: 10.279 Loaded shared library C:\Users\jenyy\AppData\Roaming\Code\User\globalStorage\redhat.java\1.41.1\config_ss_win\org.eclipse.equinox.launcher\org.eclipse.equinox.launcher.win32.win32.x86_64_1.2.1300.v20250331-1702\eclipse_11911.dll
Event: 13.962 Loaded shared library C:\Users\jenyy\.vscode\extensions\redhat.java-1.41.1-win32-x64\jre\21.0.6-win32-x86_64\bin\management.dll
Event: 13.993 Loaded shared library C:\Users\jenyy\.vscode\extensions\redhat.java-1.41.1-win32-x64\jre\21.0.6-win32-x86_64\bin\management_ext.dll
Event: 24.059 Loaded shared library C:\Users\jenyy\AppData\Local\Temp\jna-101011699\jna3466377039111167370.dll

Deoptimization events (20 events):
Event: 50.533 Thread 0x0000018066295e50 DEOPT PACKING pc=0x000001805008ae42 sp=0x0000006b0a3fc440
Event: 50.533 Thread 0x0000018066295e50 DEOPT UNPACKING pc=0x0000018056b34242 sp=0x0000006b0a3fb8c8 mode 0
Event: 50.543 Thread 0x0000018066295e50 DEOPT PACKING pc=0x000001805008ae42 sp=0x0000006b0a3fc450
Event: 50.543 Thread 0x0000018066295e50 DEOPT UNPACKING pc=0x0000018056b34242 sp=0x0000006b0a3fb8d8 mode 0
Event: 50.706 Thread 0x0000018066295e50 Uncommon trap: trap_request=0xffffffc6 fr.pc=0x0000018057386938 relative=0x0000000000005db8
Event: 50.706 Thread 0x0000018066295e50 Uncommon trap: reason=bimorphic_or_optimized_type_check action=maybe_recompile pc=0x0000018057386938 method=java.lang.reflect.Field.get(Ljava/lang/Object;)Ljava/lang/Object; @ 33 c2
Event: 50.706 Thread 0x0000018066295e50 DEOPT PACKING pc=0x0000018057386938 sp=0x0000006b0a3fd060
Event: 50.706 Thread 0x0000018066295e50 DEOPT UNPACKING pc=0x0000018056b33aa2 sp=0x0000006b0a3fd0d0 mode 2
Event: 50.709 Thread 0x0000018066295e50 Uncommon trap: trap_request=0xffffffc6 fr.pc=0x0000018057386938 relative=0x0000000000005db8
Event: 50.709 Thread 0x0000018066295e50 Uncommon trap: reason=bimorphic_or_optimized_type_check action=maybe_recompile pc=0x0000018057386938 method=java.lang.reflect.Field.get(Ljava/lang/Object;)Ljava/lang/Object; @ 33 c2
Event: 50.709 Thread 0x0000018066295e50 DEOPT PACKING pc=0x0000018057386938 sp=0x0000006b0a3fcc10
Event: 50.709 Thread 0x0000018066295e50 DEOPT UNPACKING pc=0x0000018056b33aa2 sp=0x0000006b0a3fcc80 mode 2
Event: 50.714 Thread 0x0000018066295e50 Uncommon trap: trap_request=0xffffffc6 fr.pc=0x0000018057386938 relative=0x0000000000005db8
Event: 50.714 Thread 0x0000018066295e50 Uncommon trap: reason=bimorphic_or_optimized_type_check action=maybe_recompile pc=0x0000018057386938 method=java.lang.reflect.Field.get(Ljava/lang/Object;)Ljava/lang/Object; @ 33 c2
Event: 50.714 Thread 0x0000018066295e50 DEOPT PACKING pc=0x0000018057386938 sp=0x0000006b0a3fcf80
Event: 50.714 Thread 0x0000018066295e50 DEOPT UNPACKING pc=0x0000018056b33aa2 sp=0x0000006b0a3fcff0 mode 2
Event: 50.732 Thread 0x0000018066295e50 Uncommon trap: trap_request=0xffffffc6 fr.pc=0x0000018057386938 relative=0x0000000000005db8
Event: 50.732 Thread 0x0000018066295e50 Uncommon trap: reason=bimorphic_or_optimized_type_check action=maybe_recompile pc=0x0000018057386938 method=java.lang.reflect.Field.get(Ljava/lang/Object;)Ljava/lang/Object; @ 33 c2
Event: 50.732 Thread 0x0000018066295e50 DEOPT PACKING pc=0x0000018057386938 sp=0x0000006b0a3fcfa0
Event: 50.732 Thread 0x0000018066295e50 DEOPT UNPACKING pc=0x0000018056b33aa2 sp=0x0000006b0a3fd010 mode 2

Classes loaded (20 events):
Event: 48.467 Loading class java/util/Hashtable$ValueCollection
Event: 48.478 Loading class java/util/Hashtable$ValueCollection done
Event: 48.939 Loading class java/util/stream/MatchOps$MatchKind
Event: 48.942 Loading class java/lang/Throwable$WrappedPrintWriter
Event: 48.942 Loading class java/lang/Throwable$PrintStreamOrWriter
Event: 48.943 Loading class java/util/stream/MatchOps$MatchKind done
Event: 48.943 Loading class java/util/stream/MatchOps
Event: 48.944 Loading class java/util/stream/MatchOps done
Event: 48.944 Loading class java/util/stream/MatchOps$MatchOp
Event: 48.944 Loading class java/util/stream/MatchOps$MatchOp done
Event: 48.944 Loading class java/util/stream/MatchOps$BooleanTerminalSink
Event: 48.944 Loading class java/util/stream/MatchOps$BooleanTerminalSink done
Event: 48.945 Loading class java/util/stream/MatchOps$1MatchSink
Event: 48.945 Loading class java/util/stream/MatchOps$1MatchSink done
Event: 48.958 Loading class java/lang/Throwable$PrintStreamOrWriter done
Event: 48.958 Loading class java/lang/Throwable$WrappedPrintWriter done
Event: 50.088 Loading class java/util/stream/ReduceOps$4
Event: 50.089 Loading class java/util/stream/ReduceOps$4 done
Event: 50.089 Loading class java/util/stream/ReduceOps$4ReducingSink
Event: 50.090 Loading class java/util/stream/ReduceOps$4ReducingSink done

Classes unloaded (11 events):
Event: 19.031 Thread 0x000001804c47ec20 Unloading class 0x0000018001182c00 'java/lang/invoke/LambdaForm$MH+0x0000018001182c00'
Event: 19.031 Thread 0x000001804c47ec20 Unloading class 0x0000018001182800 'java/lang/invoke/LambdaForm$MH+0x0000018001182800'
Event: 19.031 Thread 0x000001804c47ec20 Unloading class 0x0000018001182400 'java/lang/invoke/LambdaForm$MH+0x0000018001182400'
Event: 19.031 Thread 0x000001804c47ec20 Unloading class 0x0000018001182000 'java/lang/invoke/LambdaForm$MH+0x0000018001182000'
Event: 19.031 Thread 0x000001804c47ec20 Unloading class 0x0000018001181c00 'java/lang/invoke/LambdaForm$BMH+0x0000018001181c00'
Event: 19.031 Thread 0x000001804c47ec20 Unloading class 0x0000018001181800 'java/lang/invoke/LambdaForm$DMH+0x0000018001181800'
Event: 19.031 Thread 0x000001804c47ec20 Unloading class 0x0000018001180400 'java/lang/invoke/LambdaForm$DMH+0x0000018001180400'
Event: 35.839 Thread 0x000001804c47ec20 Unloading class 0x00000180013df000 'java/lang/invoke/LambdaForm$MH+0x00000180013df000'
Event: 35.839 Thread 0x000001804c47ec20 Unloading class 0x00000180013dac00 'java/lang/invoke/LambdaForm$MH+0x00000180013dac00'
Event: 35.839 Thread 0x000001804c47ec20 Unloading class 0x00000180013d9400 'java/lang/invoke/LambdaForm$MH+0x00000180013d9400'
Event: 35.839 Thread 0x000001804c47ec20 Unloading class 0x00000180013d8c00 'java/lang/invoke/LambdaForm$MH+0x00000180013d8c00'

Classes redefined (0 events):
No events

Internal exceptions (20 events):
Event: 35.657 Thread 0x0000018066295e50 Exception <a 'java/lang/NoSuchMethodError'{0x00000000eb0f0c80}: 'java.lang.Object java.lang.invoke.DelegatingMethodHandle$Holder.delegate(java.lang.Object, int, java.lang.Object, java.lang.Object)'> (0x00000000eb0f0c80) 
thrown [s\src\hotspot\share\interpreter\linkResolver.cpp, line 773]
Event: 35.658 Thread 0x0000018066295e50 Implicit null exception at 0x0000018057241113 to 0x00000180572413b8
Event: 35.681 Thread 0x0000018066295e50 Exception <a 'java/lang/NoSuchMethodError'{0x00000000eb104b38}: 'int java.lang.invoke.Invokers$Holder.linkToTargetMethod(java.lang.Object, java.lang.Object, java.lang.Object)'> (0x00000000eb104b38) 
thrown [s\src\hotspot\share\interpreter\linkResolver.cpp, line 773]
Event: 42.138 Thread 0x0000018066295e50 Exception <a 'java/lang/NoSuchMethodError'{0x00000000eabf15a0}: 'int java.lang.invoke.Invokers$Holder.invokeExact_MT(java.lang.Object, java.lang.Object)'> (0x00000000eabf15a0) 
thrown [s\src\hotspot\share\interpreter\linkResolver.cpp, line 773]
Event: 46.139 Thread 0x00000180662964e0 Implicit null exception at 0x000001805721331d to 0x0000018057213e44
Event: 47.998 Thread 0x0000018065c03be0 Exception <a 'sun/nio/fs/WindowsException'{0x00000000eb580c20}> (0x00000000eb580c20) 
thrown [s\src\hotspot\share\prims\jni.cpp, line 520]
Event: 48.005 Thread 0x0000018065c03be0 Exception <a 'sun/nio/fs/WindowsException'{0x00000000eb5ac018}> (0x00000000eb5ac018) 
thrown [s\src\hotspot\share\prims\jni.cpp, line 520]
Event: 48.113 Thread 0x0000018066295e50 Exception <a 'sun/nio/fs/WindowsException'{0x00000000eb6a9728}> (0x00000000eb6a9728) 
thrown [s\src\hotspot\share\prims\jni.cpp, line 520]
Event: 48.483 Thread 0x00000180662964e0 Exception <a 'java/lang/NoSuchMethodError'{0x00000000eb8c0828}: 'java.lang.Object java.lang.invoke.DirectMethodHandle$Holder.newInvokeSpecial(java.lang.Object, java.lang.Object, java.lang.Object, java.lang.Object, int)'> (0x00000000eb8c0828) 
thrown [s\src\hotspot\share\interpreter\linkResolver.cpp, line 773]
Event: 48.483 Thread 0x0000018065c03be0 Exception <a 'java/lang/NoSuchMethodError'{0x00000000eb8273f8}: 'java.lang.Object java.lang.invoke.DirectMethodHandle$Holder.newInvokeSpecial(java.lang.Object, java.lang.Object, java.lang.Object, java.lang.Object, int)'> (0x00000000eb8273f8) 
thrown [s\src\hotspot\share\interpreter\linkResolver.cpp, line 773]
Event: 48.483 Thread 0x00000180662964e0 Exception <a 'java/lang/NoSuchMethodError'{0x00000000eb8c4738}: 'java.lang.Object java.lang.invoke.DirectMethodHandle$Holder.invokeSpecial(java.lang.Object, java.lang.Object, java.lang.Object, java.lang.Object, java.lang.Object, int)'> (0x00000000eb8c4738) 
thrown [s\src\hotspot\share\interpreter\linkResolver.cpp, line 773]
Event: 48.484 Thread 0x0000018065c03be0 Exception <a 'java/lang/NoSuchMethodError'{0x00000000eb82aee8}: 'java.lang.Object java.lang.invoke.DirectMethodHandle$Holder.invokeSpecial(java.lang.Object, java.lang.Object, java.lang.Object, java.lang.Object, java.lang.Object, int)'> (0x00000000eb82aee8) 
thrown [s\src\hotspot\share\interpreter\linkResolver.cpp, line 773]
Event: 48.489 Thread 0x00000180662964e0 Exception <a 'java/lang/NoSuchMethodError'{0x00000000eb8c7f18}: 'java.lang.Object java.lang.invoke.Invokers$Holder.linkToTargetMethod(java.lang.Object, java.lang.Object, java.lang.Object, int, java.lang.Object)'> (0x00000000eb8c7f18) 
thrown [s\src\hotspot\share\interpreter\linkResolver.cpp, line 773]
Event: 48.489 Thread 0x0000018065c03be0 Exception <a 'java/lang/NoSuchMethodError'{0x00000000eb82e190}: 'java.lang.Object java.lang.invoke.Invokers$Holder.linkToTargetMethod(java.lang.Object, java.lang.Object, java.lang.Object, int, java.lang.Object)'> (0x00000000eb82e190) 
thrown [s\src\hotspot\share\interpreter\linkResolver.cpp, line 773]
Event: 48.556 Thread 0x0000018066295e50 Exception <a 'sun/nio/fs/WindowsException'{0x00000000eba1e718}> (0x00000000eba1e718) 
thrown [s\src\hotspot\share\prims\jni.cpp, line 520]
Event: 49.275 Thread 0x0000018066295e50 Exception <a 'java/lang/NoSuchMethodError'{0x00000000eabf5078}: 'int java.lang.invoke.DirectMethodHandle$Holder.invokeInterface(java.lang.Object, java.lang.Object)'> (0x00000000eabf5078) 
thrown [s\src\hotspot\share\interpreter\linkResolver.cpp, line 773]
Event: 49.276 Thread 0x0000018066295e50 Exception <a 'java/lang/IncompatibleClassChangeError'{0x00000000eabf8348}: Found class java.lang.Object, but interface was expected> (0x00000000eabf8348) 
thrown [s\src\hotspot\share\interpreter\linkResolver.cpp, line 840]
Event: 49.419 Thread 0x0000018066294410 Exception <a 'java/lang/NoSuchMethodError'{0x00000000eae75820}: 'java.lang.Object java.lang.invoke.DirectMethodHandle$Holder.invokeSpecial(java.lang.Object, java.lang.Object, int, long)'> (0x00000000eae75820) 
thrown [s\src\hotspot\share\interpreter\linkResolver.cpp, line 773]
Event: 50.098 Thread 0x0000018066295e50 Exception <a 'java/lang/NoSuchMethodError'{0x00000000eb0434c8}: 'int java.lang.invoke.DirectMethodHandle$Holder.invokeSpecialIFC(java.lang.Object, java.lang.Object, java.lang.Object)'> (0x00000000eb0434c8) 
thrown [s\src\hotspot\share\interpreter\linkResolver.cpp, line 773]
Event: 50.129 Thread 0x0000018066295e50 Implicit null exception at 0x0000018057394d4b to 0x0000018057394ea8

ZGC Phase Switch (0 events):
No events

VM Operations (20 events):
Event: 46.149 Executing VM operation: Cleanup
Event: 46.165 Executing VM operation: Cleanup done
Event: 46.207 Executing VM operation: ParallelGCFailedAllocation (Allocation Failure)
Event: 46.215 Executing VM operation: ParallelGCFailedAllocation (Allocation Failure) done
Event: 46.535 Executing VM operation: HandshakeAllThreads (Deoptimize)
Event: 46.535 Executing VM operation: HandshakeAllThreads (Deoptimize) done
Event: 46.662 Executing VM operation: HandshakeAllThreads (Deoptimize)
Event: 46.662 Executing VM operation: HandshakeAllThreads (Deoptimize) done
Event: 47.686 Executing VM operation: Cleanup
Event: 47.762 Executing VM operation: Cleanup done
Event: 48.102 Executing VM operation: HandshakeAllThreads (Deoptimize)
Event: 48.244 Executing VM operation: HandshakeAllThreads (Deoptimize) done
Event: 49.135 Executing VM operation: ParallelGCFailedAllocation (Allocation Failure)
Event: 49.182 Executing VM operation: ParallelGCFailedAllocation (Allocation Failure) done
Event: 50.106 Executing VM operation: HandshakeAllThreads (Deoptimize)
Event: 50.106 Executing VM operation: HandshakeAllThreads (Deoptimize) done
Event: 50.423 Executing VM operation: HandshakeAllThreads (Deoptimize)
Event: 50.428 Executing VM operation: HandshakeAllThreads (Deoptimize) done
Event: 50.428 Executing VM operation: Cleanup
Event: 50.429 Executing VM operation: Cleanup done

Memory protections (0 events):
No events

Nmethod flushes (20 events):
Event: 35.853 Thread 0x000001804c47ec20 flushing  nmethod 0x000001804fa1b710
Event: 35.853 Thread 0x000001804c47ec20 flushing  nmethod 0x000001804fa1bb10
Event: 35.853 Thread 0x000001804c47ec20 flushing  nmethod 0x000001804fa1c510
Event: 35.853 Thread 0x000001804c47ec20 flushing  nmethod 0x000001804fa21890
Event: 35.853 Thread 0x000001804c47ec20 flushing  nmethod 0x000001804fa46410
Event: 35.853 Thread 0x000001804c47ec20 flushing  nmethod 0x000001804fa46e90
Event: 35.853 Thread 0x000001804c47ec20 flushing  nmethod 0x000001804fa4f790
Event: 35.853 Thread 0x000001804c47ec20 flushing  nmethod 0x000001804fa4fd10
Event: 35.853 Thread 0x000001804c47ec20 flushing  nmethod 0x000001804fa51590
Event: 35.853 Thread 0x000001804c47ec20 flushing  nmethod 0x000001804fa51910
Event: 35.853 Thread 0x000001804c47ec20 flushing  nmethod 0x000001804fa55990
Event: 35.853 Thread 0x000001804c47ec20 flushing  nmethod 0x000001804fa56410
Event: 35.853 Thread 0x000001804c47ec20 flushing  nmethod 0x000001804fa56f10
Event: 35.853 Thread 0x000001804c47ec20 flushing  nmethod 0x000001804fa59f10
Event: 35.853 Thread 0x000001804c47ec20 flushing  nmethod 0x000001804fa5aa10
Event: 35.853 Thread 0x000001804c47ec20 flushing  nmethod 0x000001804fa5b210
Event: 35.853 Thread 0x000001804c47ec20 flushing  nmethod 0x000001804fa5dc10
Event: 35.853 Thread 0x000001804c47ec20 flushing  nmethod 0x000001804fa5e990
Event: 35.853 Thread 0x000001804c47ec20 flushing  nmethod 0x000001804fa6e110
Event: 35.853 Thread 0x000001804c47ec20 flushing  nmethod 0x000001804fa86490

Events (20 events):
Event: 18.661 Thread 0x00000180652a4470 Thread added: 0x0000018066294410
Event: 19.985 Thread 0x0000018066294410 Thread exited: 0x0000018066294410
Event: 20.021 Thread 0x0000018065869860 Thread exited: 0x0000018065869860
Event: 24.140 Thread 0x00000180652a4470 Thread added: 0x0000018066293d80
Event: 25.053 Thread 0x0000018065926780 Thread added: 0x0000018066294410
Event: 25.243 Thread 0x000001804c3bce90 Thread added: 0x0000018066294aa0
Event: 25.244 Thread 0x000001804c3bce90 Thread added: 0x0000018066295130
Event: 25.244 Thread 0x000001804c3bce90 Thread added: 0x00000180662957c0
Event: 25.288 Thread 0x000001804c3bce90 Thread added: 0x0000018066293060
Event: 26.412 Thread 0x000001804c3bce90 Thread added: 0x00000180662936f0
Event: 26.412 Thread 0x000001804c3bce90 Thread added: 0x0000018066295e50
Event: 30.999 Thread 0x0000018066295e50 Thread added: 0x00000180662964e0
Event: 31.001 Thread 0x0000018066295e50 Thread added: 0x0000018065c03be0
Event: 32.123 Thread 0x0000018066294410 Thread added: 0x0000018065c04f90
Event: 32.204 Thread 0x0000018065c04f90 Thread exited: 0x0000018065c04f90
Event: 33.747 Thread 0x000001806074f290 Thread added: 0x0000018065c06340
Event: 33.945 Thread 0x0000018066294410 Thread added: 0x0000018065c01b10
Event: 34.199 Thread 0x0000018065c01b10 Thread exited: 0x0000018065c01b10
Event: 49.049 Thread 0x00000180662964e0 Thread exited: 0x00000180662964e0
Event: 49.098 Thread 0x0000018065c03be0 Thread exited: 0x0000018065c03be0


Dynamic libraries:
0x00007ff728530000 - 0x00007ff72853e000 	c:\Users\jenyy\.vscode\extensions\redhat.java-1.41.1-win32-x64\jre\21.0.6-win32-x86_64\bin\java.exe
0x00007ffad2b30000 - 0x00007ffad2d47000 	C:\WINDOWS\SYSTEM32\ntdll.dll
0x00007ffad1730000 - 0x00007ffad17f4000 	C:\WINDOWS\System32\KERNEL32.DLL
0x00007ffacfd10000 - 0x00007ffad00e1000 	C:\WINDOWS\System32\KERNELBASE.dll
0x00007ffad0220000 - 0x00007ffad0331000 	C:\WINDOWS\System32\ucrtbase.dll
0x00007ffa9d260000 - 0x00007ffa9d278000 	c:\Users\jenyy\.vscode\extensions\redhat.java-1.41.1-win32-x64\jre\21.0.6-win32-x86_64\bin\jli.dll
0x00007ffad2000000 - 0x00007ffad21b1000 	C:\WINDOWS\System32\USER32.dll
0x00007ffad00f0000 - 0x00007ffad0116000 	C:\WINDOWS\System32\win32u.dll
0x00007ffad21c0000 - 0x00007ffad21e9000 	C:\WINDOWS\System32\GDI32.dll
0x00007ffad04b0000 - 0x00007ffad05cb000 	C:\WINDOWS\System32\gdi32full.dll
0x00007ffacfc70000 - 0x00007ffacfd0a000 	C:\WINDOWS\System32\msvcp_win.dll
0x00007ffa99280000 - 0x00007ffa9929e000 	c:\Users\jenyy\.vscode\extensions\redhat.java-1.41.1-win32-x64\jre\21.0.6-win32-x86_64\bin\VCRUNTIME140.dll
0x00007ffab7760000 - 0x00007ffab79f2000 	C:\WINDOWS\WinSxS\amd64_microsoft.windows.common-controls_6595b64144ccf1df_6.0.22621.4830_none_270fe7d773858e80\COMCTL32.dll
0x00007ffad0e10000 - 0x00007ffad0eb7000 	C:\WINDOWS\System32\msvcrt.dll
0x00007ffad0910000 - 0x00007ffad0941000 	C:\WINDOWS\System32\IMM32.DLL
0x00007ffab2bc0000 - 0x00007ffab2bcc000 	c:\Users\jenyy\.vscode\extensions\redhat.java-1.41.1-win32-x64\jre\21.0.6-win32-x86_64\bin\vcruntime140_1.dll
0x00007ffa950f0000 - 0x00007ffa9517d000 	c:\Users\jenyy\.vscode\extensions\redhat.java-1.41.1-win32-x64\jre\21.0.6-win32-x86_64\bin\msvcp140.dll
0x00007ffa705f0000 - 0x00007ffa71380000 	c:\Users\jenyy\.vscode\extensions\redhat.java-1.41.1-win32-x64\jre\21.0.6-win32-x86_64\bin\server\jvm.dll
0x00007ffad1f40000 - 0x00007ffad1ff1000 	C:\WINDOWS\System32\ADVAPI32.dll
0x00007ffad12b0000 - 0x00007ffad1357000 	C:\WINDOWS\System32\sechost.dll
0x00007ffad0690000 - 0x00007ffad06b8000 	C:\WINDOWS\System32\bcrypt.dll
0x00007ffad0b00000 - 0x00007ffad0c14000 	C:\WINDOWS\System32\RPCRT4.dll
0x00007ffad1a40000 - 0x00007ffad1ab1000 	C:\WINDOWS\System32\WS2_32.dll
0x00007ffacfb40000 - 0x00007ffacfb8d000 	C:\WINDOWS\SYSTEM32\POWRPROF.dll
0x00007ffaca250000 - 0x00007ffaca284000 	C:\WINDOWS\SYSTEM32\WINMM.dll
0x00007ffac6210000 - 0x00007ffac621a000 	C:\WINDOWS\SYSTEM32\VERSION.dll
0x00007ffacfb20000 - 0x00007ffacfb33000 	C:\WINDOWS\SYSTEM32\UMPDC.dll
0x00007ffacecc0000 - 0x00007ffacecd8000 	C:\WINDOWS\SYSTEM32\kernel.appcore.dll
0x00007ffaacff0000 - 0x00007ffaacffa000 	c:\Users\jenyy\.vscode\extensions\redhat.java-1.41.1-win32-x64\jre\21.0.6-win32-x86_64\bin\jimage.dll
0x00007ffac7b00000 - 0x00007ffac7d32000 	C:\WINDOWS\SYSTEM32\DBGHELP.DLL
0x00007ffad0f20000 - 0x00007ffad12b0000 	C:\WINDOWS\System32\combase.dll
0x00007ffad1800000 - 0x00007ffad18d7000 	C:\WINDOWS\System32\OLEAUT32.dll
0x00007ffac6180000 - 0x00007ffac61b2000 	C:\WINDOWS\SYSTEM32\dbgcore.DLL
0x00007ffad01a0000 - 0x00007ffad021b000 	C:\WINDOWS\System32\bcryptPrimitives.dll
0x00007ffaac5f0000 - 0x00007ffaac5ff000 	c:\Users\jenyy\.vscode\extensions\redhat.java-1.41.1-win32-x64\jre\21.0.6-win32-x86_64\bin\instrument.dll
0x00007ffa97010000 - 0x00007ffa9702f000 	c:\Users\jenyy\.vscode\extensions\redhat.java-1.41.1-win32-x64\jre\21.0.6-win32-x86_64\bin\java.dll
0x00007ffad2260000 - 0x00007ffad2ae8000 	C:\WINDOWS\System32\SHELL32.dll
0x00007ffad06c0000 - 0x00007ffad07ff000 	C:\WINDOWS\System32\wintypes.dll
0x00007ffacdbd0000 - 0x00007fface4dd000 	C:\WINDOWS\SYSTEM32\windows.storage.dll
0x00007ffad0800000 - 0x00007ffad090a000 	C:\WINDOWS\System32\SHCORE.dll
0x00007ffad0ca0000 - 0x00007ffad0cfe000 	C:\WINDOWS\System32\shlwapi.dll
0x00007ffacfba0000 - 0x00007ffacfbcb000 	C:\WINDOWS\SYSTEM32\profapi.dll
0x00007ffa96ff0000 - 0x00007ffa97008000 	c:\Users\jenyy\.vscode\extensions\redhat.java-1.41.1-win32-x64\jre\21.0.6-win32-x86_64\bin\zip.dll
0x00007ffaac130000 - 0x00007ffaac140000 	C:\Users\jenyy\.vscode\extensions\redhat.java-1.41.1-win32-x64\jre\21.0.6-win32-x86_64\bin\net.dll
0x00007ffac9d50000 - 0x00007ffac9e7c000 	C:\WINDOWS\SYSTEM32\WINHTTP.dll
0x00007ffacf130000 - 0x00007ffacf19a000 	C:\WINDOWS\system32\mswsock.dll
0x00007ffa96f00000 - 0x00007ffa96f16000 	C:\Users\jenyy\.vscode\extensions\redhat.java-1.41.1-win32-x64\jre\21.0.6-win32-x86_64\bin\nio.dll
0x00007ffaaa790000 - 0x00007ffaaa7a0000 	c:\Users\jenyy\.vscode\extensions\redhat.java-1.41.1-win32-x64\jre\21.0.6-win32-x86_64\bin\verify.dll
0x00007ffa946f0000 - 0x00007ffa94735000 	C:\Users\jenyy\AppData\Roaming\Code\User\globalStorage\redhat.java\1.41.1\config_ss_win\org.eclipse.equinox.launcher\org.eclipse.equinox.launcher.win32.win32.x86_64_1.2.1300.v20250331-1702\eclipse_11911.dll
0x00007ffad0950000 - 0x00007ffad0af1000 	C:\WINDOWS\System32\ole32.dll
0x00007ffab7e60000 - 0x00007ffab7e6a000 	C:\Users\jenyy\.vscode\extensions\redhat.java-1.41.1-win32-x64\jre\21.0.6-win32-x86_64\bin\management.dll
0x00007ffaa3500000 - 0x00007ffaa350b000 	C:\Users\jenyy\.vscode\extensions\redhat.java-1.41.1-win32-x64\jre\21.0.6-win32-x86_64\bin\management_ext.dll
0x00007ffad1720000 - 0x00007ffad1728000 	C:\WINDOWS\System32\PSAPI.DLL
0x00007ffacf380000 - 0x00007ffacf39b000 	C:\WINDOWS\SYSTEM32\CRYPTSP.dll
0x00007ffacec20000 - 0x00007ffacec57000 	C:\WINDOWS\system32\rsaenh.dll
0x00007ffacf220000 - 0x00007ffacf248000 	C:\WINDOWS\SYSTEM32\USERENV.dll
0x00007ffacf3a0000 - 0x00007ffacf3ac000 	C:\WINDOWS\SYSTEM32\CRYPTBASE.dll
0x00007fface7d0000 - 0x00007fface7fd000 	C:\WINDOWS\SYSTEM32\IPHLPAPI.DLL
0x00007ffad1630000 - 0x00007ffad1639000 	C:\WINDOWS\System32\NSI.dll
0x00007ffa93d00000 - 0x00007ffa93d49000 	C:\Users\jenyy\AppData\Local\Temp\jna-101011699\jna3466377039111167370.dll
0x00007ffac9cb0000 - 0x00007ffac9cc9000 	C:\WINDOWS\SYSTEM32\dhcpcsvc6.DLL
0x00007ffac9c90000 - 0x00007ffac9caf000 	C:\WINDOWS\SYSTEM32\dhcpcsvc.DLL

dbghelp: loaded successfully - version: 4.0.5 - missing functions: none
symbol engine: initialized successfully - sym options: 0x614 - pdb path: .;c:\Users\jenyy\.vscode\extensions\redhat.java-1.41.1-win32-x64\jre\21.0.6-win32-x86_64\bin;C:\WINDOWS\SYSTEM32;C:\WINDOWS\WinSxS\amd64_microsoft.windows.common-controls_6595b64144ccf1df_6.0.22621.4830_none_270fe7d773858e80;c:\Users\jenyy\.vscode\extensions\redhat.java-1.41.1-win32-x64\jre\21.0.6-win32-x86_64\bin\server;C:\Users\jenyy\AppData\Roaming\Code\User\globalStorage\redhat.java\1.41.1\config_ss_win\org.eclipse.equinox.launcher\org.eclipse.equinox.launcher.win32.win32.x86_64_1.2.1300.v20250331-1702;C:\Users\jenyy\AppData\Local\Temp\jna-101011699

VM Arguments:
jvm_args: --add-modules=ALL-SYSTEM --add-opens=java.base/java.util=ALL-UNNAMED --add-opens=java.base/java.lang=ALL-UNNAMED --add-opens=java.base/sun.nio.fs=ALL-UNNAMED -Declipse.application=org.eclipse.jdt.ls.core.id1 -Dosgi.bundles.defaultStartLevel=4 -Declipse.product=org.eclipse.jdt.ls.core.product -Djava.import.generatesMetadataFilesAtProjectRoot=false -DDetectVMInstallationsJob.disabled=true -Dfile.encoding=utf8 -XX:+UseParallelGC -XX:GCTimeRatio=4 -XX:AdaptiveSizePolicyWeight=90 -Dsun.zip.disableMemoryMapping=true -Xmx1G -Xms100m -Xlog:disable -javaagent:c:\Users\jenyy\.vscode\extensions\redhat.java-1.41.1-win32-x64\lombok\lombok-1.18.36.jar 
java_command: c:\Users\jenyy\.vscode\extensions\redhat.java-1.41.1-win32-x64\server\plugins\org.eclipse.equinox.launcher_1.7.0.v20250331-1702.jar -configuration c:\Users\jenyy\AppData\Roaming\Code\User\globalStorage\redhat.java\1.41.1\config_ss_win -data c:\Users\jenyy\AppData\Roaming\Code\User\workspaceStorage\9a4037c7544a9c9b7787e8623bc886aa\redhat.java\ss_ws --pipe=\\.\pipe\lsp-71a109c3f747fb6a133b36b5c80c53e1-sock
java_class_path (initial): c:\Users\jenyy\.vscode\extensions\redhat.java-1.41.1-win32-x64\server\plugins\org.eclipse.equinox.launcher_1.7.0.v20250331-1702.jar
Launcher Type: SUN_STANDARD

[Global flags]
    uintx AdaptiveSizePolicyWeight                 = 90                                        {product} {command line}
     intx CICompilerCount                          = 2                                         {product} {ergonomic}
    uintx GCTimeRatio                              = 4                                         {product} {command line}
   size_t InitialHeapSize                          = 104857600                                 {product} {command line}
   size_t MaxHeapSize                              = 1073741824                                {product} {command line}
   size_t MaxNewSize                               = 357564416                                 {product} {ergonomic}
   size_t MinHeapDeltaBytes                        = 524288                                    {product} {ergonomic}
   size_t MinHeapSize                              = 104857600                                 {product} {command line}
   size_t NewSize                                  = 34603008                                  {product} {ergonomic}
    uintx NonNMethodCodeHeapSize                   = 5826188                                {pd product} {ergonomic}
    uintx NonProfiledCodeHeapSize                  = 122916026                              {pd product} {ergonomic}
   size_t OldSize                                  = 70254592                                  {product} {ergonomic}
    uintx ProfiledCodeHeapSize                     = 122916026                              {pd product} {ergonomic}
    uintx ReservedCodeCacheSize                    = 251658240                              {pd product} {ergonomic}
     bool SegmentedCodeCache                       = true                                      {product} {ergonomic}
   size_t SoftMaxHeapSize                          = 1073741824                             {manageable} {ergonomic}
     bool UseCompressedOops                        = true                           {product lp64_product} {ergonomic}
     bool UseLargePagesIndividualAllocation        = false                                  {pd product} {ergonomic}
     bool UseParallelGC                            = true                                      {product} {command line}

Logging:
Log output configuration:
 #0: stdout all=off uptime,level,tags foldmultilines=false
 #1: stderr all=off uptime,level,tags foldmultilines=false

Environment Variables:
PATH=C:\Program Files\Common Files\Oracle\Java\javapath;C:\WINDOWS\system32;C:\WINDOWS;C:\WINDOWS\System32\Wbem;C:\WINDOWS\System32\WindowsPowerShell\v1.0\;C:\WINDOWS\System32\OpenSSH\;C:\Program Files\Java\jdk-23;C:\Program Files\Git\cmd;C:\Users\jenyy\AppData\Local\Microsoft\WindowsApps;C:\Users\jenyy\AppData\Local\Programs\Microsoft VS Code\bin
USERNAME=jenyy
OS=Windows_NT
PROCESSOR_IDENTIFIER=AMD64 Family 23 Model 32 Stepping 1, AuthenticAMD
TMP=C:\Users\jenyy\AppData\Local\Temp
TEMP=C:\Users\jenyy\AppData\Local\Temp




Periodic native trim disabled

---------------  S Y S T E M  ---------------

OS:
 Windows 11 , 64 bit Build 22621 (10.0.22621.4974)
OS uptime: 0 days 2:49 hours

CPU: total 2 (initial active 2) (2 cores per cpu, 1 threads per core) family 23 model 32 stepping 1 microcode 0x0, cx8, cmov, fxsr, mmx, 3dnowpref, sse, sse2, sse3, ssse3, sse4a, sse4.1, sse4.2, popcnt, lzcnt, tsc, tscinvbit, avx, avx2, aes, clmul, bmi1, bmi2, adx, sha, fma, vzeroupper, clflush, clflushopt, rdtscp, f16c
Processor Information for the first 2 processors :
  Max Mhz: 1200, Current Mhz: 1200, Mhz Limit: 1200

Memory: 4k page, system-wide physical 3463M (228M free)
TotalPageFile size 8883M (AvailPageFile size 4M)
current process WorkingSet (physical memory assigned to process): 207M, peak: 209M
current process commit charge ("private bytes"): 260M, peak: 263M

vm_info: OpenJDK 64-Bit Server VM (21.0.6+7-LTS) for windows-amd64 JRE (21.0.6+7-LTS), built on 2025-01-21T00:00:00Z by "admin" with MS VC++ 17.7 (VS2022)

END.
